<?xml version="1.0" encoding="UTF-8"?>
<testng-results ignored="0" total="1" passed="1" failed="0" skipped="0">
  <reporter-output>
  </reporter-output>
  <suite started-at="2024-03-23T10:08:47 IST" name="Default suite" finished-at="2024-03-23T10:08:54 IST" duration-ms="6642">
    <groups>
    </groups>
    <test started-at="2024-03-23T10:08:47 IST" name="Default test" finished-at="2024-03-23T10:08:54 IST" duration-ms="6642">
      <class name="Basic.OtganizationTest">
        <test-method signature="OrgTest()[pri:0, instance:Basic.OtganizationTest@3fb1549b]" started-at="2024-03-23T10:08:47 IST" name="OrgTest" finished-at="2024-03-23T10:08:54 IST" duration-ms="6529" status="PASS">
          <reporter-output>
          </reporter-output>
        </test-method> <!-- OrgTest -->
      </class> <!-- Basic.OtganizationTest -->
    </test> <!-- Default test -->
  </suite> <!-- Default suite -->
</testng-results>
