<?xml version="1.0" encoding="UTF-8"?>
<testng-results ignored="0" total="1" passed="1" failed="0" skipped="0">
  <reporter-output>
  </reporter-output>
  <suite started-at="2024-03-15T12:50:33 IST" name="Default suite" finished-at="2024-03-15T12:50:47 IST" duration-ms="13709">
    <groups>
    </groups>
    <test started-at="2024-03-15T12:50:33 IST" name="Default test" finished-at="2024-03-15T12:50:47 IST" duration-ms="13709">
      <class name="Basic.OrganizationTest">
        <test-method signature="CreateOrganizationsTest()[pri:0, instance:Basic.OrganizationTest@3fb1549b]" started-at="2024-03-15T12:50:33 IST" name="CreateOrganizationsTest" finished-at="2024-03-15T12:50:47 IST" duration-ms="13611" status="PASS">
          <reporter-output>
          </reporter-output>
        </test-method> <!-- CreateOrganizationsTest -->
      </class> <!-- Basic.OrganizationTest -->
    </test> <!-- Default test -->
  </suite> <!-- Default suite -->
</testng-results>
